<?xml version="1.0" encoding="UTF-8"?>
<!-- Generated by org.testng.reporters.JUnitReportReporter -->
<testsuite hostname="DESKTOP-OC8SAEU" failures="0" tests="1" name="com.myguruproject.testCases.TC_MecuryTour00Test_005" time="6.381" errors="0" timestamp="2023-01-12T19:15:28 GMT" skipped="0">
  <testcase classname="com.myguruproject.testCases.TC_MecuryTour00Test_005" name="registerPage" time="6.381"/>
  <system-out/>
</testsuite> <!-- com.myguruproject.testCases.TC_MecuryTour00Test_005 -->
