<?xml version="1.0" encoding="UTF-8"?>
<!-- Generated by org.testng.reporters.JUnitReportReporter -->
<testsuite hostname="DESKTOP-OC8SAEU" failures="0" tests="1" name="com.myguruproject.testCases.TC_MecuryTour00Test_004" time="7.639" errors="0" timestamp="2023-01-12T18:39:24 GMT" skipped="0">
  <testcase classname="com.myguruproject.testCases.TC_MecuryTour00Test_004" name="registerPage" time="7.639"/>
  <system-out/>
</testsuite> <!-- com.myguruproject.testCases.TC_MecuryTour00Test_004 -->
