<?xml version="1.0" encoding="UTF-8"?>
<!-- Generated by org.testng.reporters.JUnitReportReporter -->
<testsuite hostname="DESKTOP-OC8SAEU" failures="0" tests="1" name="com.myguruproject.testCases.TC_HomePage_003" time="7.269" errors="0" timestamp="2023-01-11T23:41:07 GMT" skipped="0">
  <testcase classname="com.myguruproject.testCases.TC_HomePage_003" name="verifyHomePage" time="7.269"/>
  <system-out/>
</testsuite> <!-- com.myguruproject.testCases.TC_HomePage_003 -->
