<?xml version="1.0" encoding="UTF-8"?>
<!-- Generated by org.testng.reporters.JUnitReportReporter -->
<testsuite hostname="DESKTOP-OC8SAEU" failures="0" tests="1" name="com.myguruproject.testCases.TC_LoginTest_001" time="9.907" errors="0" timestamp="2023-01-12T19:58:06 GMT" skipped="0">
  <testcase classname="com.myguruproject.testCases.TC_LoginTest_001" name="loginTest" time="9.907"/>
  <system-out/>
</testsuite> <!-- com.myguruproject.testCases.TC_LoginTest_001 -->
