<?xml version="1.0" encoding="UTF-8"?>
<!-- Generated by org.testng.reporters.JUnitReportReporter -->
<testsuite skipped="0" hostname="DESKTOP-OC8SAEU" name="com.myguruproject.testCases.TC_LoginTest_001" tests="1" failures="0" timestamp="2023-01-18T00:48:01 GMT" time="36.008" errors="0">
  <testcase name="loginTest" time="36.008" classname="com.myguruproject.testCases.TC_LoginTest_001"/>
  <system-out/>
</testsuite> <!-- com.myguruproject.testCases.TC_LoginTest_001 -->
